  serverTest.cpp
d:\martin\vysoká škola\5.semestr\programming c (kryptographie)\projekt\pb173_ateam\server.h(9): error C2146: syntax error : missing ';' before identifier 'certificate'
d:\martin\vysoká škola\5.semestr\programming c (kryptographie)\projekt\pb173_ateam\server.h(9): error C4430: missing type specifier - int assumed. Note: C++ does not support default-int
d:\martin\vysoká škola\5.semestr\programming c (kryptographie)\projekt\pb173_ateam\server.h(10): error C2061: syntax error : identifier 'cert'
d:\martin\vysoká škola\5.semestr\programming c (kryptographie)\projekt\pb173_ateam\server.h(10): error C2065: 'certificate' : undeclared identifier
d:\martin\vysoká škola\5.semestr\programming c (kryptographie)\projekt\pb173_ateam\server.h(10): error C2614: 'User' : illegal member initialization: 'certificate' is not a base or member
d:\martin\vysoká škola\5.semestr\programming c (kryptographie)\projekt\pb173_ateam\servertest.cpp(6): error C2653: 'TestCrypto' : is not a class or namespace name
d:\martin\vysoká škola\5.semestr\programming c (kryptographie)\projekt\pb173_ateam\servertest.cpp(7): error C2653: 'TestCrypto' : is not a class or namespace name
d:\martin\vysoká škola\5.semestr\programming c (kryptographie)\projekt\pb173_ateam\servertest.cpp(8): error C2653: 'TestCrypto' : is not a class or namespace name
d:\martin\vysoká škola\5.semestr\programming c (kryptographie)\projekt\pb173_ateam\servertest.cpp(18): error C2661: 'User::User' : no overloaded function takes 3 arguments
d:\martin\vysoká škola\5.semestr\programming c (kryptographie)\projekt\pb173_ateam\servertest.cpp(26): error C2039: 'certificate' : is not a member of 'User'
          d:\martin\vysoká škola\5.semestr\programming c (kryptographie)\projekt\pb173_ateam\server.h(6) : see declaration of 'User'
          d:\martin\vysoká škola\5.semestr\programming c (kryptographie)\projekt\pb173_ateam\server.h(6) : see declaration of 'User'
d:\martin\vysoká škola\5.semestr\programming c (kryptographie)\projekt\pb173_ateam\servertest.cpp(51): error C2039: 'certificate' : is not a member of 'User'
          d:\martin\vysoká škola\5.semestr\programming c (kryptographie)\projekt\pb173_ateam\server.h(6) : see declaration of 'User'
d:\martin\vysoká škola\5.semestr\programming c (kryptographie)\projekt\pb173_ateam\servertest.cpp(106): error C2065: 'sl' : undeclared identifier
d:\martin\vysoká škola\5.semestr\programming c (kryptographie)\projekt\pb173_ateam\servertest.cpp(106): error C2228: left of '.cryptoSym' must have class/struct/union
          type is ''unknown-type''
d:\martin\vysoká škola\5.semestr\programming c (kryptographie)\projekt\pb173_ateam\servertest.cpp(108): error C2065: 'sl' : undeclared identifier
d:\martin\vysoká škola\5.semestr\programming c (kryptographie)\projekt\pb173_ateam\servertest.cpp(108): error C2228: left of '.cryptoSym' must have class/struct/union
          type is ''unknown-type''
d:\martin\vysoká škola\5.semestr\programming c (kryptographie)\projekt\pb173_ateam\servertest.cpp(115): error C2065: 'sl' : undeclared identifier
d:\martin\vysoká škola\5.semestr\programming c (kryptographie)\projekt\pb173_ateam\servertest.cpp(115): error C2228: left of '.cryptoAsym' must have class/struct/union
          type is ''unknown-type''
d:\martin\vysoká škola\5.semestr\programming c (kryptographie)\projekt\pb173_ateam\servertest.cpp(117): error C2065: 'sl' : undeclared identifier
d:\martin\vysoká škola\5.semestr\programming c (kryptographie)\projekt\pb173_ateam\servertest.cpp(117): error C2228: left of '.cryptoAsym' must have class/struct/union
          type is ''unknown-type''
d:\martin\vysoká škola\5.semestr\programming c (kryptographie)\projekt\pb173_ateam\servertest.cpp(125): error C2065: 'sl' : undeclared identifier
d:\martin\vysoká škola\5.semestr\programming c (kryptographie)\projekt\pb173_ateam\servertest.cpp(125): error C2228: left of '.randGenAES' must have class/struct/union
          type is ''unknown-type''
d:\martin\vysoká škola\5.semestr\programming c (kryptographie)\projekt\pb173_ateam\servertest.cpp(133): error C2065: 'sl' : undeclared identifier
d:\martin\vysoká škola\5.semestr\programming c (kryptographie)\projekt\pb173_ateam\servertest.cpp(133): error C2228: left of '.randGenRSA' must have class/struct/union
          type is ''unknown-type''
  server.cpp
d:\martin\vysoká škola\5.semestr\programming c (kryptographie)\projekt\pb173_ateam\server.h(9): error C2146: syntax error : missing ';' before identifier 'certificate'
d:\martin\vysoká škola\5.semestr\programming c (kryptographie)\projekt\pb173_ateam\server.h(9): error C4430: missing type specifier - int assumed. Note: C++ does not support default-int
d:\martin\vysoká škola\5.semestr\programming c (kryptographie)\projekt\pb173_ateam\server.h(10): error C2061: syntax error : identifier 'cert'
d:\martin\vysoká škola\5.semestr\programming c (kryptographie)\projekt\pb173_ateam\server.h(10): error C2065: 'certificate' : undeclared identifier
d:\martin\vysoká škola\5.semestr\programming c (kryptographie)\projekt\pb173_ateam\server.h(10): error C2614: 'User' : illegal member initialization: 'certificate' is not a base or member
  project_semester.cpp
  client.cpp
  certification_authority.cpp
  caTest.cpp
d:\martin\vysoká škola\5.semestr\programming c (kryptographie)\projekt\pb173_ateam\certification_authority.h(8): error C2146: syntax error : missing ';' before identifier 'validCerts'
d:\martin\vysoká škola\5.semestr\programming c (kryptographie)\projekt\pb173_ateam\certification_authority.h(8): error C4430: missing type specifier - int assumed. Note: C++ does not support default-int
d:\martin\vysoká škola\5.semestr\programming c (kryptographie)\projekt\pb173_ateam\certification_authority.h(9): error C2146: syntax error : missing ';' before identifier 'certificate'
d:\martin\vysoká škola\5.semestr\programming c (kryptographie)\projekt\pb173_ateam\certification_authority.h(9): error C4430: missing type specifier - int assumed. Note: C++ does not support default-int
d:\martin\vysoká škola\5.semestr\programming c (kryptographie)\projekt\pb173_ateam\certification_authority.h(19): error C2146: syntax error : missing ';' before identifier 'sign'
d:\martin\vysoká škola\5.semestr\programming c (kryptographie)\projekt\pb173_ateam\certification_authority.h(19): error C4430: missing type specifier - int assumed. Note: C++ does not support default-int
d:\martin\vysoká škola\5.semestr\programming c (kryptographie)\projekt\pb173_ateam\certification_authority.h(19): error C2061: syntax error : identifier 'persInfo'
d:\martin\vysoká škola\5.semestr\programming c (kryptographie)\projekt\pb173_ateam\certification_authority.h(19): warning C4183: 'sign': missing return type; assumed to be a member function returning 'int'
d:\martin\vysoká škola\5.semestr\programming c (kryptographie)\projekt\pb173_ateam\certification_authority.h(29): error C2061: syntax error : identifier 'cert'
d:\martin\vysoká škola\5.semestr\programming c (kryptographie)\projekt\pb173_ateam\certification_authority.h(38): error C2061: syntax error : identifier 'cert'
d:\martin\vysoká škola\5.semestr\programming c (kryptographie)\projekt\pb173_ateam\certification_authority.h(47): error C2061: syntax error : identifier 'cert'
d:\martin\vysoká škola\5.semestr\programming c (kryptographie)\projekt\pb173_ateam\certification_authority.h(55): error C2061: syntax error : identifier 'requestType'
d:\martin\vysoká škola\5.semestr\programming c (kryptographie)\projekt\pb173_ateam\certification_authority.h(57): error C2061: syntax error : identifier 'cert'
d:\martin\vysoká škola\5.semestr\programming c (kryptographie)\projekt\pb173_ateam\server.h(9): error C2146: syntax error : missing ';' before identifier 'certificate'
d:\martin\vysoká škola\5.semestr\programming c (kryptographie)\projekt\pb173_ateam\server.h(9): error C4430: missing type specifier - int assumed. Note: C++ does not support default-int
d:\martin\vysoká škola\5.semestr\programming c (kryptographie)\projekt\pb173_ateam\server.h(10): error C2061: syntax error : identifier 'cert'
d:\martin\vysoká škola\5.semestr\programming c (kryptographie)\projekt\pb173_ateam\server.h(10): error C2065: 'certificate' : undeclared identifier
d:\martin\vysoká škola\5.semestr\programming c (kryptographie)\projekt\pb173_ateam\server.h(10): error C2614: 'User' : illegal member initialization: 'certificate' is not a base or member
d:\martin\vysoká škola\5.semestr\programming c (kryptographie)\projekt\pb173_ateam\catest.cpp(8): error C2660: 'CertificationAuthority::sign' : function does not take 1 arguments
d:\martin\vysoká škola\5.semestr\programming c (kryptographie)\projekt\pb173_ateam\catest.cpp(17): error C2660: 'CertificationAuthority::addToList' : function does not take 1 arguments
d:\martin\vysoká škola\5.semestr\programming c (kryptographie)\projekt\pb173_ateam\catest.cpp(18): error C2660: 'CertificationAuthority::verifyCert' : function does not take 1 arguments
d:\martin\vysoká škola\5.semestr\programming c (kryptographie)\projekt\pb173_ateam\catest.cpp(26): error C2660: 'CertificationAuthority::addToList' : function does not take 1 arguments
d:\martin\vysoká škola\5.semestr\programming c (kryptographie)\projekt\pb173_ateam\catest.cpp(27): error C2660: 'CertificationAuthority::removeFromList' : function does not take 1 arguments
d:\martin\vysoká škola\5.semestr\programming c (kryptographie)\projekt\pb173_ateam\catest.cpp(28): error C2660: 'CertificationAuthority::verifyCert' : function does not take 1 arguments
  Generating Code...
