Build started 30. 9. 2013 19:42:12.
     1>Project "C:\Users\Lubo\Documents\Visual Studio 2010\Projects\polarssl-1.2.8\visualc\VS2010\selftest.vcxproj" on node 2 (build target(s)).
     1>InitializeBuildStatus:
         Creating "Release\selftest.unsuccessfulbuild" because "AlwaysCreate" was specified.
       ClCompile:
         D:\Program Files (x86)\Microsoft Visual Studio 10.0\VC\bin\CL.exe /c /I../../include /Zi /nologo /W3 /WX- /O2 /Oi /Oy- /GL /D WIN32 /D NDEBUG /D _CONSOLE /D _UNICODE /D UNICODE /Gm- /EHsc /MD /GS /Gy /fp:precise /Zc:wchar_t /Zc:forScope /Fo"Release\\" /Fd"Release\vc100.pdb" /Gd /TC /analyze- /errorReport:prompt ..\..\programs\test\selftest.c
         selftest.c
       Link:
         D:\Program Files (x86)\Microsoft Visual Studio 10.0\VC\bin\link.exe /ERRORREPORT:PROMPT /OUT:"C:\Users\Lubo\Documents\Visual Studio 2010\Projects\polarssl-1.2.8\visualc\VS2010\Release\selftest.exe" /INCREMENTAL:NO /NOLOGO /LIBPATH:Release kernel32.lib user32.lib gdi32.lib winspool.lib comdlg32.lib advapi32.lib shell32.lib ole32.lib oleaut32.lib uuid.lib odbc32.lib odbccp32.lib kernel32.lib user32.lib gdi32.lib winspool.lib comdlg32.lib advapi32.lib shell32.lib ole32.lib oleaut32.lib uuid.lib odbc32.lib odbccp32.lib PolarSSL.lib /MANIFEST /ManifestFile:"Release\selftest.exe.intermediate.manifest" /MANIFESTUAC:"level='asInvoker' uiAccess='false'" /DEBUG /PDB:"C:\Users\Lubo\Documents\Visual Studio 2010\Projects\polarssl-1.2.8\visualc\VS2010\Release\selftest.pdb" /SUBSYSTEM:CONSOLE /OPT:REF /OPT:ICF /LTCG /TLBID:1 /DYNAMICBASE /NXCOMPAT /IMPLIB:"C:\Users\Lubo\Documents\Visual Studio 2010\Projects\polarssl-1.2.8\visualc\VS2010\Release\selftest.lib" /MACHINE:X86 Release\selftest.obj
         "C:\Users\Lubo\Documents\Visual Studio 2010\Projects\polarssl-1.2.8\visualc\VS2010\Release\PolarSSL.lib"
     1>PolarSSL.lib(x509parse.obj) : error LNK2001: unresolved external symbol _pkcs5_pbes2
     1>PolarSSL.lib(x509parse.obj) : error LNK2001: unresolved external symbol _pkcs12_pbe
     1>PolarSSL.lib(x509parse.obj) : error LNK2001: unresolved external symbol _pkcs12_pbe_sha1_rc4_128
     1>C:\Users\Lubo\Documents\Visual Studio 2010\Projects\polarssl-1.2.8\visualc\VS2010\Release\selftest.exe : fatal error LNK1120: 3 unresolved externals
     1>Done Building Project "C:\Users\Lubo\Documents\Visual Studio 2010\Projects\polarssl-1.2.8\visualc\VS2010\selftest.vcxproj" (build target(s)) -- FAILED.

Build FAILED.

Time Elapsed 00:00:00.91
